
ROM used: 816 (10%)
          816 (10%) including unused fragments

          1 Average locations per line
          4 Average locations per statement

RAM used: 35 (10%) at main() level
          42 (11%) worst case

Stack used: 3 worst case (out of 8 total available)

Lines Stmts  %   Files
----- ----- ---  -----
  384   200 100  graffitiRobotSlave.c
   34     0   0  graffitiRobotSlave.h
  413     0   0  ..\..\..\..\..\..\..\Program Files\PICC\devices\16F886.h
----- -----
  831   200 Total

Page ROM  %  RAM   Vol Diff  Functions:
---- --- --- ---   --- ----  ----------
0     20   2   1             @delay_ms1
 Inline        1             @I2C_WRITE_1
0     12   1   0             @const85
0     22   3   4   171  4.2  setObjetivo
 Inline        4   171  4.2  setTimer
 Inline        0  1515  5.9  interpreta
0     58   7   1   300  5.5  TIMER1_isr
0    228  28   1   318  3.2  SSP_isr
0    418  51   1  3771  9.4  MAIN

Program metrics:
    Functions               6
    Statements              200
    Comments                210
    Volume (V)              7968
    Difficilty (D)          32.2
    Effort to implement (E) 256813
    Time to implement (T)   3 hours, 58 minutes
    Est Delivered Bugs (B)  1
    Cyclomatic Complexity   47
    Maintainability (MI)    88

 Segment     Used  Free
-----------  ----  ----
00000-00003     4  0  
00004-00039    54  0  
0003A-007FF   758  1232  
00800-00FFF     0  2048  
01000-017FF     0  2048  
01800-01FFF     0  2048  



