
ROM used: 285 (3%)
          285 (3%) including unused fragments

          0 Average locations per line
          5 Average locations per statement

RAM used: 19 (5%) at main() level
          22 (6%) worst case

Stack used: 2 worst case (out of 8 total available)

Lines Stmts  %   Files
----- ----- ---  -----
  129    57 100  graffitiRobotSlave.c
   34     0   0  graffitiRobotSlave.h
  413     0   0  ..\..\..\..\..\..\..\..\Program Files\PICC\devices\16F886.h
----- -----
  576    57 Total

Page ROM  %  RAM   Vol Diff  Functions:
---- --- --- ---   --- ----  ----------
 Inline        1             @I2C_WRITE_1
0     12   4   0             @const80
 Inline        0   196  3.4  interpreta
0     82  29   1   253  3.2  SSP_isr
0    142  50   0  1014  7.3  MAIN

Program metrics:
    Functions               3
    Statements              57
    Comments                124
    Volume (V)              1809
    Difficilty (D)          13.8
    Effort to implement (E) 25047
    Time to implement (T)   23 minutes
    Est Delivered Bugs (B)  0
    Cyclomatic Complexity   19
    Maintainability (MI)    63

 Segment     Used  Free
-----------  ----  ----
00000-00003     4  0  
00004-00030    45  0  
00031-007FF   236  1763  
00800-00FFF     0  2048  
01000-017FF     0  2048  
01800-01FFF     0  2048  



